[INFO] Scanning for projects...
[INFO] 
[INFO] ------------------------------------------------------------------------
[INFO] Building Cubisoft Multimedia App 0.1-SNAPSHOT
[INFO] ------------------------------------------------------------------------
[WARNING] The POM for commons-collections:commons-collections:jar:3.2.2 is invalid, transitive dependencies (if any) will not be available, enable debug logging for more details
[INFO] 
[INFO] --- maven-enforcer-plugin:1.4.1:enforce (enforce-javaVersion) @ multimedia ---
[INFO] 
[INFO] --- maven-enforcer-plugin:1.4.1:enforce (enforce-convergence) @ multimedia ---
[WARNING] Invalid POM for commons-collections:commons-collections:jar:3.2.2, transitive dependencies (if any) will not be available, enable debug logging for more details
[WARNING] Invalid POM for commons-collections:commons-collections:jar:3.2.2, transitive dependencies (if any) will not be available, enable debug logging for more details
[INFO] 
[INFO] --- maven-enforcer-plugin:1.4.1:enforce (enforce-pluginVersion) @ multimedia ---
[INFO] 
[INFO] --- maven-enforcer-plugin:1.4.1:enforce (enforce-manifest) @ multimedia ---
[INFO] 
[INFO] --- maven-enforcer-plugin:1.4.1:enforce (enforce-maven) @ multimedia ---
[INFO] 
[INFO] --- maven-enforcer-plugin:1.4.1:enforce (enforce-database) @ multimedia ---
[INFO] 
[INFO] --- jacoco-maven-plugin:0.7.9:prepare-agent (jacoco-initialize) @ multimedia ---
[INFO] argLine set to -javaagent:/home/pablo/.m2/repository/org/jacoco/org.jacoco.agent/0.7.9/org.jacoco.agent-0.7.9-runtime.jar=destfile=/home/pablo/Documentos/Coruña4/fd/workspace/maven.1536923086523/multimedia/target/jacoco.exec
[INFO] 
[INFO] --- maven-resources-plugin:3.0.2:resources (default-resources) @ multimedia ---
[WARNING] The POM for commons-io:commons-io:jar:2.5 is invalid, transitive dependencies (if any) will not be available, enable debug logging for more details
[INFO] Using 'UTF-8' encoding to copy filtered resources.
[INFO] Copying 25 resources
[INFO] Copying 2 resources
[INFO] 
[INFO] --- maven-compiler-plugin:3.7.0:compile (default-compile) @ multimedia ---
[INFO] Nothing to compile - all classes are up to date
[INFO] 
[INFO] --- maven-resources-plugin:3.0.2:testResources (default-testResources) @ multimedia ---
[INFO] Using 'UTF-8' encoding to copy filtered resources.
[INFO] Copying 1 resource
[INFO] 
[INFO] --- maven-compiler-plugin:3.7.0:testCompile (default-testCompile) @ multimedia ---
[INFO] Nothing to compile - all classes are up to date
[INFO] 
[INFO] --- maven-surefire-plugin:2.20.1:test (default-test) @ multimedia ---
[INFO] 
[INFO] -------------------------------------------------------
[INFO]  T E S T S
[INFO] -------------------------------------------------------
[INFO] Running es.udc.fi.dc.fd.test.unit.controller.rest.TestExampleEntityRestController
[INFO] Tests run: 1, Failures: 0, Errors: 0, Skipped: 0, Time elapsed: 5.99 s - in es.udc.fi.dc.fd.test.unit.controller.rest.TestExampleEntityRestController
[INFO] Running es.udc.fi.dc.fd.test.unit.controller.rest.TestExampleEntityRestControllerPagination
[INFO] Tests run: 2, Failures: 0, Errors: 0, Skipped: 0, Time elapsed: 0.139 s - in es.udc.fi.dc.fd.test.unit.controller.rest.TestExampleEntityRestControllerPagination
[INFO] Running es.udc.fi.dc.fd.test.unit.controller.report.TestReportController
[INFO] Tests run: 2, Failures: 0, Errors: 0, Skipped: 0, Time elapsed: 1.056 s - in es.udc.fi.dc.fd.test.unit.controller.report.TestReportController
[INFO] Running es.udc.fi.dc.fd.test.unit.controller.form.TestExampleEntityFormControllerShowForm
[INFO] Tests run: 1, Failures: 0, Errors: 0, Skipped: 0, Time elapsed: 0.07 s - in es.udc.fi.dc.fd.test.unit.controller.form.TestExampleEntityFormControllerShowForm
[INFO] Running es.udc.fi.dc.fd.test.unit.controller.form.TestExampleEntityFormControllerMissingData
[INFO] Tests run: 2, Failures: 0, Errors: 0, Skipped: 0, Time elapsed: 0.281 s - in es.udc.fi.dc.fd.test.unit.controller.form.TestExampleEntityFormControllerMissingData
[INFO] Running es.udc.fi.dc.fd.test.unit.controller.form.TestExampleEntityFormControllerServiceCalled
[INFO] Tests run: 1, Failures: 0, Errors: 0, Skipped: 0, Time elapsed: 0.069 s - in es.udc.fi.dc.fd.test.unit.controller.form.TestExampleEntityFormControllerServiceCalled
[INFO] Running es.udc.fi.dc.fd.test.unit.controller.form.TestExampleEntityFormControllerSendForm
[INFO] Tests run: 2, Failures: 0, Errors: 0, Skipped: 0, Time elapsed: 0.097 s - in es.udc.fi.dc.fd.test.unit.controller.form.TestExampleEntityFormControllerSendForm
[INFO] Running es.udc.fi.dc.fd.test.unit.controller.list.TestExampleEntityListViewControllerList
[INFO] Tests run: 1, Failures: 0, Errors: 0, Skipped: 0, Time elapsed: 0.026 s - in es.udc.fi.dc.fd.test.unit.controller.list.TestExampleEntityListViewControllerList
[INFO] Running es.udc.fi.dc.fd.test.unit.error.TestGlobalExceptionHandler
[INFO] Tests run: 1, Failures: 0, Errors: 0, Skipped: 0, Time elapsed: 0.082 s - in es.udc.fi.dc.fd.test.unit.error.TestGlobalExceptionHandler
[INFO] Running es.udc.fi.dc.fd.test.unit.validation.TestExampleEntityFormValidation
[INFO] Tests run: 2, Failures: 0, Errors: 0, Skipped: 0, Time elapsed: 0.05 s - in es.udc.fi.dc.fd.test.unit.validation.TestExampleEntityFormValidation
[INFO] 
[INFO] Results:
[INFO] 
[INFO] Tests run: 15, Failures: 0, Errors: 0, Skipped: 0
[INFO] 
[INFO] 
[INFO] --- jshint-maven-plugin:1.6.0:lint (jshint) @ multimedia ---
[INFO] using jshint version 2.5.6
[INFO]   /home/pablo/Documentos/Coruña4/fd/workspace/maven.1536923086523/multimedia/src/main/webapp/resources/js/initialize.js [no change]
[INFO] 
[INFO] --- maven-war-plugin:3.2.0:war (default-war) @ multimedia ---
[INFO] Packaging webapp
[INFO] Assembling webapp [multimedia] in [/home/pablo/Documentos/Coruña4/fd/workspace/maven.1536923086523/multimedia/target/multimedia-0.1-SNAPSHOT]
[INFO] Processing war project
[INFO] Copying webapp webResources [/home/pablo/Documentos/Coruña4/fd/workspace/maven.1536923086523/multimedia/src/main/resources/config] to [/home/pablo/Documentos/Coruña4/fd/workspace/maven.1536923086523/multimedia/target/multimedia-0.1-SNAPSHOT]
[INFO] Copying webapp webResources [/home/pablo/Documentos/Coruña4/fd/workspace/maven.1536923086523/multimedia/src/main/webapp/WEB-INF/templates/fragments/] to [/home/pablo/Documentos/Coruña4/fd/workspace/maven.1536923086523/multimedia/target/multimedia-0.1-SNAPSHOT]
[INFO] Copying webapp resources [/home/pablo/Documentos/Coruña4/fd/workspace/maven.1536923086523/multimedia/src/main/webapp]
[INFO] Webapp assembled in [281 msecs]
[INFO] Building war: /home/pablo/Documentos/Coruña4/fd/workspace/maven.1536923086523/multimedia/target/multimedia-0.1-SNAPSHOT.war
[INFO] 
[INFO] --- maven-source-plugin:3.0.1:jar-no-fork (attach-sources) @ multimedia ---
[WARNING] The POM for org.apache.commons:commons-compress:jar:1.11 is invalid, transitive dependencies (if any) will not be available, enable debug logging for more details
[INFO] Building jar: /home/pablo/Documentos/Coruña4/fd/workspace/maven.1536923086523/multimedia/target/multimedia-0.1-SNAPSHOT-sources.jar
[INFO] 
[INFO] --- maven-javadoc-plugin:3.0.0:jar (attach-javadocs) @ multimedia ---
[WARNING] The POM for org.apache.commons:commons-lang3:jar:3.5 is invalid, transitive dependencies (if any) will not be available, enable debug logging for more details
[INFO] 
Loading source files for package es.udc.fi.dc.fd.service...
Loading source files for package es.udc.fi.dc.fd.controller.exception...
Loading source files for package es.udc.fi.dc.fd.controller.report...
Loading source files for package es.udc.fi.dc.fd.controller.entity...
Loading source files for package es.udc.fi.dc.fd.controller...
Loading source files for package es.udc.fi.dc.fd.controller.error...
Loading source files for package es.udc.fi.dc.fd.repository...
Loading source files for package es.udc.fi.dc.fd.model...
Loading source files for package es.udc.fi.dc.fd.model.form...
Loading source files for package es.udc.fi.dc.fd.model.persistence...
Constructing Javadoc information...
Standard Doclet version 1.8.0_92
Building tree for all the packages and classes...
Generating /home/pablo/Documentos/Coruña4/fd/workspace/maven.1536923086523/multimedia/target/apidocs/es/udc/fi/dc/fd/service/DefaultExampleEntityReportService.html...
Generating /home/pablo/Documentos/Coruña4/fd/workspace/maven.1536923086523/multimedia/target/apidocs/es/udc/fi/dc/fd/service/DefaultExampleEntityService.html...
Generating /home/pablo/Documentos/Coruña4/fd/workspace/maven.1536923086523/multimedia/target/apidocs/es/udc/fi/dc/fd/service/ExampleEntityReportService.html...
Generating /home/pablo/Documentos/Coruña4/fd/workspace/maven.1536923086523/multimedia/target/apidocs/es/udc/fi/dc/fd/service/ExampleEntityService.html...
Generating /home/pablo/Documentos/Coruña4/fd/workspace/maven.1536923086523/multimedia/target/apidocs/es/udc/fi/dc/fd/controller/exception/RuntimeExceptionController.html...
Generating /home/pablo/Documentos/Coruña4/fd/workspace/maven.1536923086523/multimedia/target/apidocs/es/udc/fi/dc/fd/controller/report/ReportController.html...
Generating /home/pablo/Documentos/Coruña4/fd/workspace/maven.1536923086523/multimedia/target/apidocs/es/udc/fi/dc/fd/controller/entity/ExampleEntityAjaxListController.html...
Generating /home/pablo/Documentos/Coruña4/fd/workspace/maven.1536923086523/multimedia/target/apidocs/es/udc/fi/dc/fd/controller/entity/ExampleEntityFormController.html...
Generating /home/pablo/Documentos/Coruña4/fd/workspace/maven.1536923086523/multimedia/target/apidocs/es/udc/fi/dc/fd/controller/entity/ExampleEntityListViewController.html...
Generating /home/pablo/Documentos/Coruña4/fd/workspace/maven.1536923086523/multimedia/target/apidocs/es/udc/fi/dc/fd/controller/entity/ExampleEntityRestController.html...
Generating /home/pablo/Documentos/Coruña4/fd/workspace/maven.1536923086523/multimedia/target/apidocs/es/udc/fi/dc/fd/controller/entity/ExampleEntityViewConstants.html...
Generating /home/pablo/Documentos/Coruña4/fd/workspace/maven.1536923086523/multimedia/target/apidocs/es/udc/fi/dc/fd/controller/GlobalBindingInitializer.html...
Generating /home/pablo/Documentos/Coruña4/fd/workspace/maven.1536923086523/multimedia/target/apidocs/es/udc/fi/dc/fd/controller/HomeController.html...
Generating /home/pablo/Documentos/Coruña4/fd/workspace/maven.1536923086523/multimedia/target/apidocs/es/udc/fi/dc/fd/controller/error/ErrorController.html...
Generating /home/pablo/Documentos/Coruña4/fd/workspace/maven.1536923086523/multimedia/target/apidocs/es/udc/fi/dc/fd/controller/error/ErrorViewConstants.html...
Generating /home/pablo/Documentos/Coruña4/fd/workspace/maven.1536923086523/multimedia/target/apidocs/es/udc/fi/dc/fd/controller/error/GlobalExceptionHandler.html...
Generating /home/pablo/Documentos/Coruña4/fd/workspace/maven.1536923086523/multimedia/target/apidocs/es/udc/fi/dc/fd/repository/ExampleEntityRepository.html...
Generating /home/pablo/Documentos/Coruña4/fd/workspace/maven.1536923086523/multimedia/target/apidocs/es/udc/fi/dc/fd/model/ExampleEntity.html...
Generating /home/pablo/Documentos/Coruña4/fd/workspace/maven.1536923086523/multimedia/target/apidocs/es/udc/fi/dc/fd/model/form/ExampleEntityForm.html...
Generating /home/pablo/Documentos/Coruña4/fd/workspace/maven.1536923086523/multimedia/target/apidocs/es/udc/fi/dc/fd/model/persistence/DefaultExampleEntity.html...
Generating /home/pablo/Documentos/Coruña4/fd/workspace/maven.1536923086523/multimedia/target/apidocs/overview-frame.html...
Generating /home/pablo/Documentos/Coruña4/fd/workspace/maven.1536923086523/multimedia/target/apidocs/es/udc/fi/dc/fd/controller/package-frame.html...
Generating /home/pablo/Documentos/Coruña4/fd/workspace/maven.1536923086523/multimedia/target/apidocs/es/udc/fi/dc/fd/controller/package-summary.html...
Generating /home/pablo/Documentos/Coruña4/fd/workspace/maven.1536923086523/multimedia/target/apidocs/es/udc/fi/dc/fd/controller/package-tree.html...
Generating /home/pablo/Documentos/Coruña4/fd/workspace/maven.1536923086523/multimedia/target/apidocs/es/udc/fi/dc/fd/controller/entity/package-frame.html...
Generating /home/pablo/Documentos/Coruña4/fd/workspace/maven.1536923086523/multimedia/target/apidocs/es/udc/fi/dc/fd/controller/entity/package-summary.html...
Generating /home/pablo/Documentos/Coruña4/fd/workspace/maven.1536923086523/multimedia/target/apidocs/es/udc/fi/dc/fd/controller/entity/package-tree.html...
Generating /home/pablo/Documentos/Coruña4/fd/workspace/maven.1536923086523/multimedia/target/apidocs/es/udc/fi/dc/fd/controller/error/package-frame.html...
Generating /home/pablo/Documentos/Coruña4/fd/workspace/maven.1536923086523/multimedia/target/apidocs/es/udc/fi/dc/fd/controller/error/package-summary.html...
Generating /home/pablo/Documentos/Coruña4/fd/workspace/maven.1536923086523/multimedia/target/apidocs/es/udc/fi/dc/fd/controller/error/package-tree.html...
Generating /home/pablo/Documentos/Coruña4/fd/workspace/maven.1536923086523/multimedia/target/apidocs/es/udc/fi/dc/fd/controller/exception/package-frame.html...
Generating /home/pablo/Documentos/Coruña4/fd/workspace/maven.1536923086523/multimedia/target/apidocs/es/udc/fi/dc/fd/controller/exception/package-summary.html...
Generating /home/pablo/Documentos/Coruña4/fd/workspace/maven.1536923086523/multimedia/target/apidocs/es/udc/fi/dc/fd/controller/exception/package-tree.html...
Generating /home/pablo/Documentos/Coruña4/fd/workspace/maven.1536923086523/multimedia/target/apidocs/es/udc/fi/dc/fd/controller/report/package-frame.html...
Generating /home/pablo/Documentos/Coruña4/fd/workspace/maven.1536923086523/multimedia/target/apidocs/es/udc/fi/dc/fd/controller/report/package-summary.html...
Generating /home/pablo/Documentos/Coruña4/fd/workspace/maven.1536923086523/multimedia/target/apidocs/es/udc/fi/dc/fd/controller/report/package-tree.html...
Generating /home/pablo/Documentos/Coruña4/fd/workspace/maven.1536923086523/multimedia/target/apidocs/es/udc/fi/dc/fd/model/package-frame.html...
Generating /home/pablo/Documentos/Coruña4/fd/workspace/maven.1536923086523/multimedia/target/apidocs/es/udc/fi/dc/fd/model/package-summary.html...
Generating /home/pablo/Documentos/Coruña4/fd/workspace/maven.1536923086523/multimedia/target/apidocs/es/udc/fi/dc/fd/model/package-tree.html...
Generating /home/pablo/Documentos/Coruña4/fd/workspace/maven.1536923086523/multimedia/target/apidocs/es/udc/fi/dc/fd/model/form/package-frame.html...
Generating /home/pablo/Documentos/Coruña4/fd/workspace/maven.1536923086523/multimedia/target/apidocs/es/udc/fi/dc/fd/model/form/package-summary.html...
Generating /home/pablo/Documentos/Coruña4/fd/workspace/maven.1536923086523/multimedia/target/apidocs/es/udc/fi/dc/fd/model/form/package-tree.html...
Generating /home/pablo/Documentos/Coruña4/fd/workspace/maven.1536923086523/multimedia/target/apidocs/es/udc/fi/dc/fd/model/persistence/package-frame.html...
Generating /home/pablo/Documentos/Coruña4/fd/workspace/maven.1536923086523/multimedia/target/apidocs/es/udc/fi/dc/fd/model/persistence/package-summary.html...
Generating /home/pablo/Documentos/Coruña4/fd/workspace/maven.1536923086523/multimedia/target/apidocs/es/udc/fi/dc/fd/model/persistence/package-tree.html...
Generating /home/pablo/Documentos/Coruña4/fd/workspace/maven.1536923086523/multimedia/target/apidocs/es/udc/fi/dc/fd/repository/package-frame.html...
Generating /home/pablo/Documentos/Coruña4/fd/workspace/maven.1536923086523/multimedia/target/apidocs/es/udc/fi/dc/fd/repository/package-summary.html...
Generating /home/pablo/Documentos/Coruña4/fd/workspace/maven.1536923086523/multimedia/target/apidocs/es/udc/fi/dc/fd/repository/package-tree.html...
Generating /home/pablo/Documentos/Coruña4/fd/workspace/maven.1536923086523/multimedia/target/apidocs/es/udc/fi/dc/fd/service/package-frame.html...
Generating /home/pablo/Documentos/Coruña4/fd/workspace/maven.1536923086523/multimedia/target/apidocs/es/udc/fi/dc/fd/service/package-summary.html...
Generating /home/pablo/Documentos/Coruña4/fd/workspace/maven.1536923086523/multimedia/target/apidocs/es/udc/fi/dc/fd/service/package-tree.html...
Generating /home/pablo/Documentos/Coruña4/fd/workspace/maven.1536923086523/multimedia/target/apidocs/constant-values.html...
Generating /home/pablo/Documentos/Coruña4/fd/workspace/maven.1536923086523/multimedia/target/apidocs/serialized-form.html...
Generating /home/pablo/Documentos/Coruña4/fd/workspace/maven.1536923086523/multimedia/target/apidocs/es/udc/fi/dc/fd/service/class-use/ExampleEntityService.html...
Generating /home/pablo/Documentos/Coruña4/fd/workspace/maven.1536923086523/multimedia/target/apidocs/es/udc/fi/dc/fd/service/class-use/ExampleEntityReportService.html...
Generating /home/pablo/Documentos/Coruña4/fd/workspace/maven.1536923086523/multimedia/target/apidocs/es/udc/fi/dc/fd/service/class-use/DefaultExampleEntityService.html...
Generating /home/pablo/Documentos/Coruña4/fd/workspace/maven.1536923086523/multimedia/target/apidocs/es/udc/fi/dc/fd/service/class-use/DefaultExampleEntityReportService.html...
Generating /home/pablo/Documentos/Coruña4/fd/workspace/maven.1536923086523/multimedia/target/apidocs/es/udc/fi/dc/fd/controller/exception/class-use/RuntimeExceptionController.html...
Generating /home/pablo/Documentos/Coruña4/fd/workspace/maven.1536923086523/multimedia/target/apidocs/es/udc/fi/dc/fd/controller/report/class-use/ReportController.html...
Generating /home/pablo/Documentos/Coruña4/fd/workspace/maven.1536923086523/multimedia/target/apidocs/es/udc/fi/dc/fd/controller/entity/class-use/ExampleEntityRestController.html...
Generating /home/pablo/Documentos/Coruña4/fd/workspace/maven.1536923086523/multimedia/target/apidocs/es/udc/fi/dc/fd/controller/entity/class-use/ExampleEntityViewConstants.html...
Generating /home/pablo/Documentos/Coruña4/fd/workspace/maven.1536923086523/multimedia/target/apidocs/es/udc/fi/dc/fd/controller/entity/class-use/ExampleEntityFormController.html...
Generating /home/pablo/Documentos/Coruña4/fd/workspace/maven.1536923086523/multimedia/target/apidocs/es/udc/fi/dc/fd/controller/entity/class-use/ExampleEntityListViewController.html...
Generating /home/pablo/Documentos/Coruña4/fd/workspace/maven.1536923086523/multimedia/target/apidocs/es/udc/fi/dc/fd/controller/entity/class-use/ExampleEntityAjaxListController.html...
Generating /home/pablo/Documentos/Coruña4/fd/workspace/maven.1536923086523/multimedia/target/apidocs/es/udc/fi/dc/fd/controller/class-use/GlobalBindingInitializer.html...
Generating /home/pablo/Documentos/Coruña4/fd/workspace/maven.1536923086523/multimedia/target/apidocs/es/udc/fi/dc/fd/controller/class-use/HomeController.html...
Generating /home/pablo/Documentos/Coruña4/fd/workspace/maven.1536923086523/multimedia/target/apidocs/es/udc/fi/dc/fd/controller/error/class-use/ErrorViewConstants.html...
Generating /home/pablo/Documentos/Coruña4/fd/workspace/maven.1536923086523/multimedia/target/apidocs/es/udc/fi/dc/fd/controller/error/class-use/GlobalExceptionHandler.html...
Generating /home/pablo/Documentos/Coruña4/fd/workspace/maven.1536923086523/multimedia/target/apidocs/es/udc/fi/dc/fd/controller/error/class-use/ErrorController.html...
Generating /home/pablo/Documentos/Coruña4/fd/workspace/maven.1536923086523/multimedia/target/apidocs/es/udc/fi/dc/fd/repository/class-use/ExampleEntityRepository.html...
Generating /home/pablo/Documentos/Coruña4/fd/workspace/maven.1536923086523/multimedia/target/apidocs/es/udc/fi/dc/fd/model/class-use/ExampleEntity.html...
Generating /home/pablo/Documentos/Coruña4/fd/workspace/maven.1536923086523/multimedia/target/apidocs/es/udc/fi/dc/fd/model/form/class-use/ExampleEntityForm.html...
Generating /home/pablo/Documentos/Coruña4/fd/workspace/maven.1536923086523/multimedia/target/apidocs/es/udc/fi/dc/fd/model/persistence/class-use/DefaultExampleEntity.html...
Generating /home/pablo/Documentos/Coruña4/fd/workspace/maven.1536923086523/multimedia/target/apidocs/es/udc/fi/dc/fd/controller/package-use.html...
Generating /home/pablo/Documentos/Coruña4/fd/workspace/maven.1536923086523/multimedia/target/apidocs/es/udc/fi/dc/fd/controller/entity/package-use.html...
Generating /home/pablo/Documentos/Coruña4/fd/workspace/maven.1536923086523/multimedia/target/apidocs/es/udc/fi/dc/fd/controller/error/package-use.html...
Generating /home/pablo/Documentos/Coruña4/fd/workspace/maven.1536923086523/multimedia/target/apidocs/es/udc/fi/dc/fd/controller/exception/package-use.html...
Generating /home/pablo/Documentos/Coruña4/fd/workspace/maven.1536923086523/multimedia/target/apidocs/es/udc/fi/dc/fd/controller/report/package-use.html...
Generating /home/pablo/Documentos/Coruña4/fd/workspace/maven.1536923086523/multimedia/target/apidocs/es/udc/fi/dc/fd/model/package-use.html...
Generating /home/pablo/Documentos/Coruña4/fd/workspace/maven.1536923086523/multimedia/target/apidocs/es/udc/fi/dc/fd/model/form/package-use.html...
Generating /home/pablo/Documentos/Coruña4/fd/workspace/maven.1536923086523/multimedia/target/apidocs/es/udc/fi/dc/fd/model/persistence/package-use.html...
Generating /home/pablo/Documentos/Coruña4/fd/workspace/maven.1536923086523/multimedia/target/apidocs/es/udc/fi/dc/fd/repository/package-use.html...
Generating /home/pablo/Documentos/Coruña4/fd/workspace/maven.1536923086523/multimedia/target/apidocs/es/udc/fi/dc/fd/service/package-use.html...
Building index for all the packages and classes...
Generating /home/pablo/Documentos/Coruña4/fd/workspace/maven.1536923086523/multimedia/target/apidocs/overview-tree.html...
Generating /home/pablo/Documentos/Coruña4/fd/workspace/maven.1536923086523/multimedia/target/apidocs/index-all.html...
Generating /home/pablo/Documentos/Coruña4/fd/workspace/maven.1536923086523/multimedia/target/apidocs/deprecated-list.html...
Building index for all classes...
Generating /home/pablo/Documentos/Coruña4/fd/workspace/maven.1536923086523/multimedia/target/apidocs/allclasses-frame.html...
Generating /home/pablo/Documentos/Coruña4/fd/workspace/maven.1536923086523/multimedia/target/apidocs/allclasses-noframe.html...
Generating /home/pablo/Documentos/Coruña4/fd/workspace/maven.1536923086523/multimedia/target/apidocs/index.html...
Generating /home/pablo/Documentos/Coruña4/fd/workspace/maven.1536923086523/multimedia/target/apidocs/overview-summary.html...
Generating /home/pablo/Documentos/Coruña4/fd/workspace/maven.1536923086523/multimedia/target/apidocs/help-doc.html...
[INFO] Building jar: /home/pablo/Documentos/Coruña4/fd/workspace/maven.1536923086523/multimedia/target/multimedia-0.1-SNAPSHOT-javadoc.jar
[INFO] 
[INFO] --- minify-maven-plugin:1.7.6:minify (default-minify) @ multimedia ---
[INFO] Starting CSS task:
[INFO] Processing source file [common.css].
[INFO] Processing source file [navbar-icons.css].
[INFO] Processing source file [navbar.css].
[INFO] Creating the merged file [style.css].
[INFO] Creating the minified file [style.min.css].
[INFO] Uncompressed size: 1709 bytes.
[INFO] Compressed size: 1340 bytes minified (478 bytes gzipped).
[INFO] 
[INFO] Starting JavaScript task:
[INFO] 
[INFO] --- maven-failsafe-plugin:2.20.1:integration-test (failsafe-integration-tests) @ multimedia ---
[INFO] 
[INFO] -------------------------------------------------------
[INFO]  T E S T S
[INFO] -------------------------------------------------------
[INFO] Running es.udc.fi.dc.fd.test.integration.service.ITDefaultExampleEntityService
[ERROR] Tests run: 3, Failures: 0, Errors: 1, Skipped: 0, Time elapsed: 10.703 s <<< FAILURE! - in es.udc.fi.dc.fd.test.integration.service.ITDefaultExampleEntityService
[ERROR] testAdd_NotExisting_Added()(ITDefaultExampleEntityService)  Time elapsed: 0.294 s  <<< ERROR!
org.springframework.dao.DataIntegrityViolationException: could not execute statement; SQL [n/a]; constraint [name]; nested exception is org.hibernate.exception.ConstraintViolationException: could not execute statement
Caused by: org.hibernate.exception.ConstraintViolationException: could not execute statement
Caused by: com.mysql.jdbc.exceptions.jdbc4.MySQLIntegrityConstraintViolationException: Duplicate entry 'ABC' for key 'name'

[INFO] 
[INFO] Results:
[INFO] 
[ERROR] Errors: 
[ERROR]   could not execute statement; SQL [n/a]; constraint [name]; nested exception is org.hibernate.exception.ConstraintViolationException: could not execute statement
[INFO] 
[ERROR] Tests run: 3, Failures: 0, Errors: 1, Skipped: 0
[INFO] 
[INFO] 
[INFO] --- maven-failsafe-plugin:2.20.1:verify (failsafe-verify) @ multimedia ---
[INFO] ------------------------------------------------------------------------
[INFO] BUILD FAILURE
[INFO] ------------------------------------------------------------------------
[INFO] Total time: 32.233 s
[INFO] Finished at: 2018-09-14T13:07:34+02:00
[INFO] Final Memory: 28M/597M
[INFO] ------------------------------------------------------------------------
[ERROR] Failed to execute goal org.apache.maven.plugins:maven-failsafe-plugin:2.20.1:verify (failsafe-verify) on project multimedia: There are test failures.
[ERROR] 
[ERROR] Please refer to /home/pablo/Documentos/Coruña4/fd/workspace/maven.1536923086523/multimedia/target/failsafe-reports for the individual test results.
[ERROR] Please refer to dump files (if any exist) [date]-jvmRun[N].dump, [date].dumpstream and [date]-jvmRun[N].dumpstream.
[ERROR] -> [Help 1]
[ERROR] 
[ERROR] To see the full stack trace of the errors, re-run Maven with the -e switch.
[ERROR] Re-run Maven using the -X switch to enable full debug logging.
[ERROR] 
[ERROR] For more information about the errors and possible solutions, please read the following articles:
[ERROR] [Help 1] http://cwiki.apache.org/confluence/display/MAVEN/MojoFailureException
